<?xml version="1.0" encoding="UTF-8"?>
<!-- Generated by org.testng.reporters.JUnitXMLReporter -->
<testsuite ignored="0" hostname="DESKTOP-4KS8AML" failures="0" tests="6" name="back-end" time="0.116" errors="0" timestamp="2024-01-06T11:40:19 IST">
  <testcase classname="topic_AdvAnnotations.TestSecurity" name="closeFileDialog" time="0.008"/>
  <testcase classname="topic_AdvAnnotations.TestSecurity" name="openConfirmationDialog" time="0.004"/>
  <testcase classname="topic_AdvAnnotations.TestSecurity" name="openFileDialog" time="0.002"/>
  <testcase classname="topic_AdvAnnotations.TestDB" name="testDelete" time="0.002"/>
  <testcase classname="topic_AdvAnnotations.TestDB" name="testInsert" time="0.004"/>
  <testcase classname="topic_AdvAnnotations.TestDB" name="testUpdate" time="0.003"/>
</testsuite> <!-- back-end -->
