<?xml version="1.0" encoding="UTF-8"?>
<!-- Generated by org.testng.reporters.JUnitXMLReporter -->
<testsuite ignored="0" hostname="DESKTOP-4KS8AML" failures="0" tests="6" name="front-end" time="0.048" errors="0" timestamp="2024-01-06T11:40:19 IST">
  <testcase classname="topic_AdvAnnotations.TestUI" name="accessCompaignPage" time="0.002"/>
  <testcase classname="topic_AdvAnnotations.TestUI" name="accessHomePage" time="0.004"/>
  <testcase classname="topic_AdvAnnotations.TestUI" name="contactUsPage" time="0.003"/>
  <testcase classname="topic_AdvAnnotations.TestUI2" name="accessCompaignPage2" time="0.003"/>
  <testcase classname="topic_AdvAnnotations.TestUI2" name="accessHomePage2" time="0.006"/>
  <testcase classname="topic_AdvAnnotations.TestUI2" name="contactUsPage2" time="0.002"/>
</testsuite> <!-- front-end -->
