<?xml version="1.0" encoding="UTF-8"?>
<!-- Generated by org.testng.reporters.JUnitXMLReporter -->
<testsuite ignored="0" hostname="DESKTOP-4KS8AML" failures="1" tests="1" name="TestData_Invalidata_Chrome" time="12.245" errors="0" timestamp="2024-01-05T12:46:55 IST">
  <testcase classname="topic_ITest.Testrescontext2forControlParameter2ndWay" name="sdLogin" time="10.395">
    <failure type="java.lang.AssertionError" message="expected [https://www.saucedemo.com/v1/inventory.html] but found [https://www.saucedemo.com/v1/]">
      <![CDATA[java.lang.AssertionError: expected [https://www.saucedemo.com/v1/inventory.html] but found [https://www.saucedemo.com/v1/]
at topic_ITest.Testrescontext2forControlParameter2ndWay.sdLogin(Testrescontext2forControlParameter2ndWay.java:85)
at java.base/java.util.ArrayList.forEach(ArrayList.java:1511)
... Removed 33 stack frames]]>
    </failure>
  </testcase> <!-- sdLogin -->
</testsuite> <!-- TestData_Invalidata_Chrome -->
