<?xml version="1.0" encoding="UTF-8"?>
<!-- Generated by org.testng.reporters.JUnitXMLReporter -->
<testsuite ignored="3" hostname="DESKTOP-4KS8AML" failures="0" tests="6" name="Test" time="0.145" errors="0" timestamp="2024-01-06T13:04:17 IST">
  <testcase classname="topic_BeforeAfterGroup.BeforeAfterGroup" name="accessCompaignPage" time="0.008"/>
  <testcase classname="topic_BeforeAfterGroup.BeforeAfterGroup" name="accessHomePage" time="0.003"/>
  <testcase classname="topic_BeforeAfterGroup.BeforeAfterGroup" name="accesscontactUsPage" time="0.005"/>
  <testcase classname="topic_BeforeAfterGroup.BeforeAfterGroup" name="closeFileDialog" time="0.004"/>
  <testcase classname="topic_BeforeAfterGroup.BeforeAfterGroup" name="openConfirmationDialog" time="0.005"/>
  <testcase classname="topic_BeforeAfterGroup.BeforeAfterGroup" name="openFileDialog" time="0.002"/>
  <testcase classname="topic_BeforeAfterGroup.BeforeAfterGroup" name="testDelete" time="0.0">
    <ignored/>
  </testcase> <!-- testDelete -->
  <testcase classname="topic_BeforeAfterGroup.BeforeAfterGroup" name="testInsert" time="0.0">
    <ignored/>
  </testcase> <!-- testInsert -->
  <testcase classname="topic_BeforeAfterGroup.BeforeAfterGroup" name="testUpdate" time="0.0">
    <ignored/>
  </testcase> <!-- testUpdate -->
</testsuite> <!-- Test -->
