<?xml version="1.0" encoding="UTF-8"?>
<testng-results ignored="0" total="1" passed="1" failed="0" skipped="0">
  <reporter-output>
  </reporter-output>
  <suite started-at="2024-02-08T12:13:20 IST" name="Suite" finished-at="2024-02-08T12:13:24 IST" duration-ms="4010">
    <groups>
    </groups>
    <test started-at="2024-02-08T12:13:20 IST" name="Test" finished-at="2024-02-08T12:13:24 IST" duration-ms="4010">
      <class name="mypackage1.Test1_Chrome">
        <test-method signature="setup()[pri:0, instance:mypackage1.Test1_Chrome@47af7f3d]" started-at="2024-02-08T12:13:20 IST" name="setup" finished-at="2024-02-08T12:13:24 IST" duration-ms="3962" status="PASS">
          <reporter-output>
          </reporter-output>
        </test-method> <!-- setup -->
      </class> <!-- mypackage1.Test1_Chrome -->
    </test> <!-- Test -->
  </suite> <!-- Suite -->
</testng-results>
